<?xml version="1.0" encoding="UTF-8"?>
<!-- Generated by org.testng.reporters.JUnitXMLReporter -->
<testsuite ignored="0" hostname="Shivanshu-HP" failures="0" tests="3" name="Regression_Suit" time="0.077" errors="0" timestamp="2020-05-15T18:39:44 IST">
  <testcase classname="Shivanshu.Automation.FirstTest" name="firstmethod" time="0.011"/>
  <testcase classname="Shivanshu.Automation.FirstTest" name="moremethod" time="0.002"/>
  <testcase classname="Shivanshu.Automation.SecondTest" name="secondmethod" time="0.002"/>
</testsuite> <!-- Regression_Suit -->
