<?xml version="1.0" encoding="UTF-8"?>
<!-- Generated by org.testng.reporters.JUnitXMLReporter -->
<testsuite ignored="0" hostname="Shivanshu-HP" failures="1" tests="6" name="Test" time="0.073" errors="0" timestamp="2020-05-16T04:27:57 IST">
  <testcase classname="Shivanshu.Automation.FirstYear" name="SecondSem" time="0.009"/>
  <testcase classname="Shivanshu.Automation.FirstYear" name="firstSem" time="0.002"/>
  <testcase classname="Shivanshu.Automation.SecondYear" name="FourthSem" time="0.001"/>
  <testcase classname="Shivanshu.Automation.SecondYear" name="ThirdSem" time="0.001"/>
  <testcase classname="Shivanshu.Automation.ThirdYear" name="fifthSem" time="0.001"/>
  <testcase classname="Shivanshu.Automation.ThirdYear" name="sixthSem" time="0.001">
    <failure type="java.lang.Error" message="Unresolved compilation problems: 
	Syntax error on token &amp;quot;;&amp;quot;, ( expected
	Syntax error, insert &amp;quot;)&amp;quot; to complete Expression
	Syntax error, insert &amp;quot;AssignmentOperator Expression&amp;quot; to complete Expression
	Syntax error, insert &amp;quot;;&amp;quot; to complete Statement
">
      <![CDATA[java.lang.Error: Unresolved compilation problems: 
Syntax error on token ";", ( expected
Syntax error, insert ")" to complete Expression
Syntax error, insert "AssignmentOperator Expression" to complete Expression
Syntax error, insert ";" to complete Statement

at Shivanshu.Automation.ThirdYear.sixthSem(ThirdYear.java:16)
at java.base/java.util.ArrayList.forEach(ArrayList.java:1510)
... Removed 27 stack frames]]>
    </failure>
  </testcase> <!-- sixthSem -->
</testsuite> <!-- Test -->
