<?xml version="1.0" encoding="UTF-8"?>
<testng-results ignored="0" total="6" passed="5" failed="1" skipped="0">
  <reporter-output>
  </reporter-output>
  <suite started-at="2020-05-16T04:29:35 IST" name="Suite" finished-at="2020-05-16T04:29:35 IST" duration-ms="88">
    <groups>
    </groups>
    <test started-at="2020-05-16T04:29:35 IST" name="Test" finished-at="2020-05-16T04:29:35 IST" duration-ms="88">
      <class name="Shivanshu.Automation.ThirdYear">
        <test-method signature="fifthSem()[pri:0, instance:Shivanshu.Automation.ThirdYear@226a82c4]" started-at="2020-05-16T04:29:35 IST" name="fifthSem" finished-at="2020-05-16T04:29:35 IST" duration-ms="1" status="PASS">
          <reporter-output>
          </reporter-output>
        </test-method> <!-- fifthSem -->
        <test-method signature="sixthSem()[pri:0, instance:Shivanshu.Automation.ThirdYear@226a82c4]" started-at="2020-05-16T04:29:35 IST" name="sixthSem" finished-at="2020-05-16T04:29:35 IST" duration-ms="0" status="FAIL">
          <exception class="java.lang.Error">
            <message>
              <![CDATA[Unresolved compilation problems: 
Syntax error on token ";", ( expected
Syntax error, insert ")" to complete Expression
Syntax error, insert "AssignmentOperator Expression" to complete Expression
Syntax error, insert ";" to complete Statement
]]>
            </message>
            <full-stacktrace>
              <![CDATA[java.lang.Error: Unresolved compilation problems: 
Syntax error on token ";", ( expected
Syntax error, insert ")" to complete Expression
Syntax error, insert "AssignmentOperator Expression" to complete Expression
Syntax error, insert ";" to complete Statement

at Shivanshu.Automation.ThirdYear.sixthSem(ThirdYear.java:16)
at java.base/jdk.internal.reflect.NativeMethodAccessorImpl.invoke0(Native Method)
at java.base/jdk.internal.reflect.NativeMethodAccessorImpl.invoke(NativeMethodAccessorImpl.java:62)
at java.base/jdk.internal.reflect.DelegatingMethodAccessorImpl.invoke(DelegatingMethodAccessorImpl.java:43)
at java.base/java.lang.reflect.Method.invoke(Method.java:564)
at org.testng.internal.MethodInvocationHelper.invokeMethod(MethodInvocationHelper.java:134)
at org.testng.internal.TestInvoker.invokeMethod(TestInvoker.java:597)
at org.testng.internal.TestInvoker.invokeTestMethod(TestInvoker.java:173)
at org.testng.internal.MethodRunner.runInSequence(MethodRunner.java:46)
at org.testng.internal.TestInvoker$MethodInvocationAgent.invoke(TestInvoker.java:816)
at org.testng.internal.TestInvoker.invokeTestMethods(TestInvoker.java:146)
at org.testng.internal.TestMethodWorker.invokeTestMethods(TestMethodWorker.java:146)
at org.testng.internal.TestMethodWorker.run(TestMethodWorker.java:128)
at java.base/java.util.ArrayList.forEach(ArrayList.java:1510)
at org.testng.TestRunner.privateRun(TestRunner.java:766)
at org.testng.TestRunner.run(TestRunner.java:587)
at org.testng.SuiteRunner.runTest(SuiteRunner.java:384)
at org.testng.SuiteRunner.runSequentially(SuiteRunner.java:378)
at org.testng.SuiteRunner.privateRun(SuiteRunner.java:337)
at org.testng.SuiteRunner.run(SuiteRunner.java:286)
at org.testng.SuiteRunnerWorker.runSuite(SuiteRunnerWorker.java:53)
at org.testng.SuiteRunnerWorker.run(SuiteRunnerWorker.java:96)
at org.testng.TestNG.runSuitesSequentially(TestNG.java:1187)
at org.testng.TestNG.runSuitesLocally(TestNG.java:1109)
at org.testng.TestNG.runSuites(TestNG.java:1039)
at org.testng.TestNG.run(TestNG.java:1007)
at org.apache.maven.surefire.testng.TestNGExecutor.run(TestNGExecutor.java:283)
at org.apache.maven.surefire.testng.TestNGXmlTestSuite.execute(TestNGXmlTestSuite.java:75)
at org.apache.maven.surefire.testng.TestNGProvider.invoke(TestNGProvider.java:120)
at org.apache.maven.surefire.booter.ForkedBooter.invokeProviderInSameClassLoader(ForkedBooter.java:384)
at org.apache.maven.surefire.booter.ForkedBooter.runSuitesInProcess(ForkedBooter.java:345)
at org.apache.maven.surefire.booter.ForkedBooter.execute(ForkedBooter.java:126)
at org.apache.maven.surefire.booter.ForkedBooter.main(ForkedBooter.java:418)
]]>
            </full-stacktrace>
          </exception> <!-- java.lang.Error -->
          <reporter-output>
          </reporter-output>
        </test-method> <!-- sixthSem -->
      </class> <!-- Shivanshu.Automation.ThirdYear -->
      <class name="Shivanshu.Automation.FirstYear">
        <test-method signature="SecondSem()[pri:0, instance:Shivanshu.Automation.FirstYear@35fc6dc4]" started-at="2020-05-16T04:29:35 IST" name="SecondSem" finished-at="2020-05-16T04:29:35 IST" duration-ms="10" status="PASS">
          <reporter-output>
          </reporter-output>
        </test-method> <!-- SecondSem -->
        <test-method signature="firstSem()[pri:0, instance:Shivanshu.Automation.FirstYear@35fc6dc4]" started-at="2020-05-16T04:29:35 IST" name="firstSem" finished-at="2020-05-16T04:29:35 IST" duration-ms="0" status="PASS">
          <reporter-output>
          </reporter-output>
        </test-method> <!-- firstSem -->
      </class> <!-- Shivanshu.Automation.FirstYear -->
      <class name="Shivanshu.Automation.SecondYear">
        <test-method signature="FourthSem()[pri:0, instance:Shivanshu.Automation.SecondYear@7fe8ea47]" started-at="2020-05-16T04:29:35 IST" name="FourthSem" finished-at="2020-05-16T04:29:35 IST" duration-ms="0" status="PASS">
          <reporter-output>
          </reporter-output>
        </test-method> <!-- FourthSem -->
        <test-method signature="ThirdSem()[pri:0, instance:Shivanshu.Automation.SecondYear@7fe8ea47]" started-at="2020-05-16T04:29:35 IST" name="ThirdSem" finished-at="2020-05-16T04:29:35 IST" duration-ms="0" status="PASS">
          <reporter-output>
          </reporter-output>
        </test-method> <!-- ThirdSem -->
      </class> <!-- Shivanshu.Automation.SecondYear -->
    </test> <!-- Test -->
  </suite> <!-- Suite -->
</testng-results>
