<?xml version="1.0" encoding="UTF-8"?>
<testsuite xmlns:xsi="http://www.w3.org/2001/XMLSchema-instance" xsi:noNamespaceSchemaLocation="https://maven.apache.org/surefire/maven-surefire-plugin/xsd/surefire-test-report.xsd" name="TestSuite" time="3.18" tests="6" errors="0" skipped="0" failures="1">
  <properties>
[...]
</properties>
  <testcase name="SecondSem" classname="Shivanshu.Automation.FirstYear" time="0.013"/>
  <testcase name="firstSem" classname="Shivanshu.Automation.FirstYear" time="0"/>
  <testcase name="FourthSem" classname="Shivanshu.Automation.SecondYear" time="0.001"/>
  <testcase name="ThirdSem" classname="Shivanshu.Automation.SecondYear" time="0.001"/>
  <testcase name="fifthSem" classname="Shivanshu.Automation.ThirdYear" time="0"/>
  <testcase name="sixthSem" classname="Shivanshu.Automation.ThirdYear" time="0.01">
    <failure message="Unresolved compilation problems: &#10;	Syntax error on token &quot;;&quot;, ( expected&#10;	Syntax error, insert &quot;)&quot; to complete Expression&#10;	Syntax error, insert &quot;AssignmentOperator Expression&quot; to complete Expression&#10;	Syntax error, insert &quot;;&quot; to complete Statement&#10;" type="java.lang.Error">java.lang.Error: 
Unresolved compilation problems: 
	Syntax error on token ";", ( expected
	Syntax error, insert ")" to complete Expression
	Syntax error, insert "AssignmentOperator Expression" to complete Expression
	Syntax error, insert ";" to complete Statement

	at Shivanshu.Automation.ThirdYear.sixthSem(ThirdYear.java:16)
</failure>
  </testcase>
</testsuite>