<?xml version="1.0" encoding="UTF-8"?>
<testng-results ignored="0" total="6" passed="5" failed="1" skipped="0">
  <reporter-output>
  </reporter-output>
  <suite started-at="2020-05-16T04:27:57 IST" name="Suite" finished-at="2020-05-16T04:27:57 IST" duration-ms="73">
    <groups>
    </groups>
    <test started-at="2020-05-16T04:27:57 IST" name="Test" finished-at="2020-05-16T04:27:57 IST" duration-ms="73">
      <class name="Shivanshu.Automation.ThirdYear">
        <test-method signature="fifthSem()[pri:0, instance:Shivanshu.Automation.ThirdYear@222114ba]" started-at="2020-05-16T04:27:57 IST" name="fifthSem" finished-at="2020-05-16T04:27:57 IST" duration-ms="1" status="PASS">
          <reporter-output>
          </reporter-output>
        </test-method> <!-- fifthSem -->
        <test-method signature="sixthSem()[pri:0, instance:Shivanshu.Automation.ThirdYear@222114ba]" started-at="2020-05-16T04:27:57 IST" name="sixthSem" finished-at="2020-05-16T04:27:57 IST" duration-ms="1" status="FAIL">
          <exception class="java.lang.Error">
            <message>
              <![CDATA[Unresolved compilation problems: 
Syntax error on token ";", ( expected
Syntax error, insert ")" to complete Expression
Syntax error, insert "AssignmentOperator Expression" to complete Expression
Syntax error, insert ";" to complete Statement
]]>
            </message>
            <full-stacktrace>
              <![CDATA[java.lang.Error: Unresolved compilation problems: 
Syntax error on token ";", ( expected
Syntax error, insert ")" to complete Expression
Syntax error, insert "AssignmentOperator Expression" to complete Expression
Syntax error, insert ";" to complete Statement

at Shivanshu.Automation.ThirdYear.sixthSem(ThirdYear.java:16)
at java.base/jdk.internal.reflect.NativeMethodAccessorImpl.invoke0(Native Method)
at java.base/jdk.internal.reflect.NativeMethodAccessorImpl.invoke(NativeMethodAccessorImpl.java:62)
at java.base/jdk.internal.reflect.DelegatingMethodAccessorImpl.invoke(DelegatingMethodAccessorImpl.java:43)
at java.base/java.lang.reflect.Method.invoke(Method.java:564)
at org.testng.internal.MethodInvocationHelper.invokeMethod(MethodInvocationHelper.java:135)
at org.testng.internal.TestInvoker.invokeMethod(TestInvoker.java:598)
at org.testng.internal.TestInvoker.invokeTestMethod(TestInvoker.java:174)
at org.testng.internal.MethodRunner.runInSequence(MethodRunner.java:46)
at org.testng.internal.TestInvoker$MethodInvocationAgent.invoke(TestInvoker.java:821)
at org.testng.internal.TestInvoker.invokeTestMethods(TestInvoker.java:147)
at org.testng.internal.TestMethodWorker.invokeTestMethods(TestMethodWorker.java:146)
at org.testng.internal.TestMethodWorker.run(TestMethodWorker.java:128)
at java.base/java.util.ArrayList.forEach(ArrayList.java:1510)
at org.testng.TestRunner.privateRun(TestRunner.java:767)
at org.testng.TestRunner.run(TestRunner.java:588)
at org.testng.SuiteRunner.runTest(SuiteRunner.java:384)
at org.testng.SuiteRunner.runSequentially(SuiteRunner.java:378)
at org.testng.SuiteRunner.privateRun(SuiteRunner.java:337)
at org.testng.SuiteRunner.run(SuiteRunner.java:286)
at org.testng.SuiteRunnerWorker.runSuite(SuiteRunnerWorker.java:53)
at org.testng.SuiteRunnerWorker.run(SuiteRunnerWorker.java:96)
at org.testng.TestNG.runSuitesSequentially(TestNG.java:1214)
at org.testng.TestNG.runSuitesLocally(TestNG.java:1136)
at org.testng.TestNG.runSuites(TestNG.java:1066)
at org.testng.TestNG.run(TestNG.java:1034)
at org.testng.remote.AbstractRemoteTestNG.run(AbstractRemoteTestNG.java:115)
at org.testng.remote.RemoteTestNG.initAndRun(RemoteTestNG.java:251)
at org.testng.remote.RemoteTestNG.main(RemoteTestNG.java:77)
]]>
            </full-stacktrace>
          </exception> <!-- java.lang.Error -->
          <reporter-output>
          </reporter-output>
        </test-method> <!-- sixthSem -->
      </class> <!-- Shivanshu.Automation.ThirdYear -->
      <class name="Shivanshu.Automation.FirstYear">
        <test-method signature="SecondSem()[pri:0, instance:Shivanshu.Automation.FirstYear@3c72f59f]" started-at="2020-05-16T04:27:57 IST" name="SecondSem" finished-at="2020-05-16T04:27:57 IST" duration-ms="9" status="PASS">
          <reporter-output>
          </reporter-output>
        </test-method> <!-- SecondSem -->
        <test-method signature="firstSem()[pri:0, instance:Shivanshu.Automation.FirstYear@3c72f59f]" started-at="2020-05-16T04:27:57 IST" name="firstSem" finished-at="2020-05-16T04:27:57 IST" duration-ms="2" status="PASS">
          <reporter-output>
          </reporter-output>
        </test-method> <!-- firstSem -->
      </class> <!-- Shivanshu.Automation.FirstYear -->
      <class name="Shivanshu.Automation.SecondYear">
        <test-method signature="FourthSem()[pri:0, instance:Shivanshu.Automation.SecondYear@60dcc9fe]" started-at="2020-05-16T04:27:57 IST" name="FourthSem" finished-at="2020-05-16T04:27:57 IST" duration-ms="1" status="PASS">
          <reporter-output>
          </reporter-output>
        </test-method> <!-- FourthSem -->
        <test-method signature="ThirdSem()[pri:0, instance:Shivanshu.Automation.SecondYear@60dcc9fe]" started-at="2020-05-16T04:27:57 IST" name="ThirdSem" finished-at="2020-05-16T04:27:57 IST" duration-ms="1" status="PASS">
          <reporter-output>
          </reporter-output>
        </test-method> <!-- ThirdSem -->
      </class> <!-- Shivanshu.Automation.SecondYear -->
    </test> <!-- Test -->
  </suite> <!-- Suite -->
</testng-results>
